# JRE version: OpenJDK Runtime Environment (8.0_242-b01) (build 1.8.0_242-release-1644-b01)
# Java VM: OpenJDK 64-Bit Server VM (25.242-b01 mixed mode windows-amd64 compressed oops)
Heap:
 PSYoungGen      total 441856K, used 128296K [0x00000000e0000000, 0x0000000100000000, 0x0000000100000000)
  eden space 399872K, 21% used [0x00000000e0000000,0x00000000e55512e0,0x00000000f8680000)
  from space 41984K, 97% used [0x00000000f8680000,0x00000000fae78ec0,0x00000000faf80000)
  to   space 48640K, 0% used [0x00000000fd080000,0x00000000fd080000,0x0000000100000000)
 ParOldGen       total 118784K, used 90121K [0x00000000a0000000, 0x00000000a7400000, 0x00000000e0000000)
  object space 118784K, 75% used [0x00000000a0000000,0x00000000a5802790,0x00000000a7400000)
 Metaspace       used 87579K, capacity 91580K, committed 91952K, reserved 1128448K
  class space    used 11391K, capacity 12296K, committed 12336K, reserved 1048576K
GC Heap History (10 events):
Event: 30.274 GC heap before
{Heap before GC invocations=12 (full 2):
 PSYoungGen      total 247296K, used 151087K [0x00000000e0000000, 0x00000000f6880000, 0x0000000100000000)
  eden space 232960K, 58% used [0x00000000e0000000,0x00000000e8590938,0x00000000ee380000)
  from space 14336K, 99% used [0x00000000ee380000,0x00000000ef17b310,0x00000000ef180000)
  to   space 21504K, 0% used [0x00000000f5380000,0x00000000f5380000,0x00000000f6880000)
 ParOldGen       total 72192K, used 28379K [0x00000000a0000000, 0x00000000a4680000, 0x00000000e0000000)
  object space 72192K, 39% used [0x00000000a0000000,0x00000000a1bb6ea0,0x00000000a4680000)
 Metaspace       used 56724K, capacity 59122K, committed 59160K, reserved 1099776K
  class space    used 7761K, capacity 8347K, committed 8368K, reserved 1048576K
Event: 30.339 GC heap after
Heap after GC invocations=12 (full 2):
 PSYoungGen      total 341504K, used 21484K [0x00000000e0000000, 0x00000000f7100000, 0x0000000100000000)
  eden space 320000K, 0% used [0x00000000e0000000,0x00000000e0000000,0x00000000f3880000)
  from space 21504K, 99% used [0x00000000f5380000,0x00000000f687b310,0x00000000f6880000)
  to   space 27648K, 0% used [0x00000000f3880000,0x00000000f3880000,0x00000000f5380000)
 ParOldGen       total 72192K, used 35453K [0x00000000a0000000, 0x00000000a4680000, 0x00000000e0000000)
  object space 72192K, 49% used [0x00000000a0000000,0x00000000a229f7a8,0x00000000a4680000)
 Metaspace       used 56724K, capacity 59122K, committed 59160K, reserved 1099776K
  class space    used 7761K, capacity 8347K, committed 8368K, reserved 1048576K
}
Event: 30.339 GC heap before
{Heap before GC invocations=13 (full 3):
 PSYoungGen      total 341504K, used 21484K [0x00000000e0000000, 0x00000000f7100000, 0x0000000100000000)
  eden space 320000K, 0% used [0x00000000e0000000,0x00000000e0000000,0x00000000f3880000)
  from space 21504K, 99% used [0x00000000f5380000,0x00000000f687b310,0x00000000f6880000)
  to   space 27648K, 0% used [0x00000000f3880000,0x00000000f3880000,0x00000000f5380000)
 ParOldGen       total 72192K, used 35453K [0x00000000a0000000, 0x00000000a4680000, 0x00000000e0000000)
  object space 72192K, 49% used [0x00000000a0000000,0x00000000a229f7a8,0x00000000a4680000)
 Metaspace       used 56724K, capacity 59122K, committed 59160K, reserved 1099776K
  class space    used 7761K, capacity 8347K, committed 8368K, reserved 1048576K
Event: 30.783 GC heap after
Heap after GC invocations=13 (full 3):
 PSYoungGen      total 341504K, used 0K [0x00000000e0000000, 0x00000000f7100000, 0x0000000100000000)
  eden space 320000K, 0% used [0x00000000e0000000,0x00000000e0000000,0x00000000f3880000)
  from space 21504K, 0% used [0x00000000f5380000,0x00000000f5380000,0x00000000f6880000)
  to   space 27648K, 0% used [0x00000000f3880000,0x00000000f3880000,0x00000000f5380000)
 ParOldGen       total 118784K, used 42978K [0x00000000a0000000, 0x00000000a7400000, 0x00000000e0000000)
  object space 118784K, 36% used [0x00000000a0000000,0x00000000a29f8ac8,0x00000000a7400000)
 Metaspace       used 56717K, capacity 59098K, committed 59160K, reserved 1099776K
  class space    used 7758K, capacity 8343K, committed 8368K, reserved 1048576K
}
Event: 53.125 GC heap before
{Heap before GC invocations=14 (full 3):
 PSYoungGen      total 341504K, used 320000K [0x00000000e0000000, 0x00000000f7100000, 0x0000000100000000)
  eden space 320000K, 100% used [0x00000000e0000000,0x00000000f3880000,0x00000000f3880000)
  from space 21504K, 0% used [0x00000000f5380000,0x00000000f5380000,0x00000000f6880000)
  to   space 27648K, 0% used [0x00000000f3880000,0x00000000f3880000,0x00000000f5380000)
 ParOldGen       total 118784K, used 42978K [0x00000000a0000000, 0x00000000a7400000, 0x00000000e0000000)
  object space 118784K, 36% used [0x00000000a0000000,0x00000000a29f8ac8,0x00000000a7400000)
 Metaspace       used 65944K, capacity 69430K, committed 69552K, reserved 1110016K
  class space    used 9015K, capacity 9812K, committed 9904K, reserved 1048576K
Event: 53.187 GC heap after
Heap after GC invocations=14 (full 3):
 PSYoungGen      total 347648K, used 24006K [0x00000000e0000000, 0x00000000fcd80000, 0x0000000100000000)
  eden space 320000K, 0% used [0x00000000e0000000,0x00000000e0000000,0x00000000f3880000)
  from space 27648K, 86% used [0x00000000f3880000,0x00000000f4ff19d8,0x00000000f5380000)
  to   space 30720K, 0% used [0x00000000faf80000,0x00000000faf80000,0x00000000fcd80000)
 ParOldGen       total 118784K, used 42986K [0x00000000a0000000, 0x00000000a7400000, 0x00000000e0000000)
  object space 118784K, 36% used [0x00000000a0000000,0x00000000a29faac8,0x00000000a7400000)
 Metaspace       used 65944K, capacity 69430K, committed 69552K, reserved 1110016K
  class space    used 9015K, capacity 9812K, committed 9904K, reserved 1048576K
}
Event: 87.454 GC heap before
{Heap before GC invocations=15 (full 3):
 PSYoungGen      total 347648K, used 344006K [0x00000000e0000000, 0x00000000fcd80000, 0x0000000100000000)
  eden space 320000K, 100% used [0x00000000e0000000,0x00000000f3880000,0x00000000f3880000)
  from space 27648K, 86% used [0x00000000f3880000,0x00000000f4ff19d8,0x00000000f5380000)
  to   space 30720K, 0% used [0x00000000faf80000,0x00000000faf80000,0x00000000fcd80000)
 ParOldGen       total 118784K, used 42986K [0x00000000a0000000, 0x00000000a7400000, 0x00000000e0000000)
  object space 118784K, 36% used [0x00000000a0000000,0x00000000a29faac8,0x00000000a7400000)
 Metaspace       used 74975K, capacity 78656K, committed 78768K, reserved 1118208K
  class space    used 10027K, capacity 10928K, committed 10928K, reserved 1048576K
Event: 87.547 GC heap after
Heap after GC invocations=15 (full 3):
 PSYoungGen      total 430592K, used 30690K [0x00000000e0000000, 0x00000000fd900000, 0x0000000100000000)
  eden space 399872K, 0% used [0x00000000e0000000,0x00000000e0000000,0x00000000f8680000)
  from space 30720K, 99% used [0x00000000faf80000,0x00000000fcd78bf0,0x00000000fcd80000)
  to   space 41984K, 0% used [0x00000000f8680000,0x00000000f8680000,0x00000000faf80000)
 ParOldGen       total 118784K, used 60692K [0x00000000a0000000, 0x00000000a7400000, 0x00000000e0000000)
  object space 118784K, 51% used [0x00000000a0000000,0x00000000a3b453e0,0x00000000a7400000)
 Metaspace       used 74975K, capacity 78656K, committed 78768K, reserved 1118208K
  class space    used 10027K, capacity 10928K, committed 10928K, reserved 1048576K
}
Event: 199.105 GC heap before
{Heap before GC invocations=16 (full 3):
 PSYoungGen      total 430592K, used 430562K [0x00000000e0000000, 0x00000000fd900000, 0x0000000100000000)
  eden space 399872K, 100% used [0x00000000e0000000,0x00000000f8680000,0x00000000f8680000)
  from space 30720K, 99% used [0x00000000faf80000,0x00000000fcd78bf0,0x00000000fcd80000)
  to   space 41984K, 0% used [0x00000000f8680000,0x00000000f8680000,0x00000000faf80000)
 ParOldGen       total 118784K, used 60692K [0x00000000a0000000, 0x00000000a7400000, 0x00000000e0000000)
  object space 118784K, 51% used [0x00000000a0000000,0x00000000a3b453e0,0x00000000a7400000)
 Metaspace       used 85754K, capacity 89714K, committed 90032K, reserved 1126400K
  class space    used 11234K, capacity 12125K, committed 12208K, reserved 1048576K
Event: 199.269 GC heap after
Heap after GC invocations=16 (full 3):
 PSYoungGen      total 441856K, used 40931K [0x00000000e0000000, 0x0000000100000000, 0x0000000100000000)
  eden space 399872K, 0% used [0x00000000e0000000,0x00000000e0000000,0x00000000f8680000)
  from space 41984K, 97% used [0x00000000f8680000,0x00000000fae78ec0,0x00000000faf80000)
  to   space 48640K, 0% used [0x00000000fd080000,0x00000000fd080000,0x0000000100000000)
 ParOldGen       total 118784K, used 90121K [0x00000000a0000000, 0x00000000a7400000, 0x00000000e0000000)
  object space 118784K, 75% used [0x00000000a0000000,0x00000000a5802790,0x00000000a7400000)
 Metaspace       used 85754K, capacity 89714K, committed 90032K, reserved 1126400K
  class space    used 11234K, capacity 12125K, committed 12208K, reserved 1048576K
}

