# JRE version: OpenJDK Runtime Environment (8.0_242-b01) (build 1.8.0_242-release-1644-b01)
# Java VM: OpenJDK 64-Bit Server VM (25.242-b01 mixed mode windows-amd64 compressed oops)
Heap:
 PSYoungGen      total 484352K, used 246277K [0x00000000e0000000, 0x00000000ffc00000, 0x0000000100000000)
  eden space 452608K, 51% used [0x00000000e0000000,0x00000000ee302030,0x00000000fba00000)
  from space 31744K, 43% used [0x00000000fdd00000,0x00000000fea7f440,0x00000000ffc00000)
  to   space 33792K, 0% used [0x00000000fba00000,0x00000000fba00000,0x00000000fdb00000)
 ParOldGen       total 177664K, used 95984K [0x00000000a0000000, 0x00000000aad80000, 0x00000000e0000000)
  object space 177664K, 54% used [0x00000000a0000000,0x00000000a5dbc178,0x00000000aad80000)
 Metaspace       used 109141K, capacity 114938K, committed 115112K, reserved 1148928K
  class space    used 14199K, capacity 15479K, committed 15528K, reserved 1048576K
GC Heap History (10 events):
Event: 380.585 GC heap before
{Heap before GC invocations=20 (full 3):
 PSYoungGen      total 352768K, used 48656K [0x00000000e0000000, 0x00000000f7980000, 0x0000000100000000)
  eden space 324096K, 7% used [0x00000000e0000000,0x00000000e186ada0,0x00000000f3c80000)
  from space 28672K, 82% used [0x00000000f5d00000,0x00000000f74195c0,0x00000000f7900000)
  to   space 31232K, 0% used [0x00000000f3c80000,0x00000000f3c80000,0x00000000f5b00000)
 ParOldGen       total 119808K, used 68226K [0x00000000a0000000, 0x00000000a7500000, 0x00000000e0000000)
  object space 119808K, 56% used [0x00000000a0000000,0x00000000a42a0888,0x00000000a7500000)
 Metaspace       used 93891K, capacity 98452K, committed 98600K, reserved 1134592K
  class space    used 12246K, capacity 13258K, committed 13352K, reserved 1048576K
Event: 380.621 GC heap after
Heap after GC invocations=20 (full 3):
 PSYoungGen      total 355328K, used 20720K [0x00000000e0000000, 0x00000000fc600000, 0x0000000100000000)
  eden space 324096K, 0% used [0x00000000e0000000,0x00000000e0000000,0x00000000f3c80000)
  from space 31232K, 66% used [0x00000000f3c80000,0x00000000f50bc248,0x00000000f5b00000)
  to   space 32256K, 0% used [0x00000000fa680000,0x00000000fa680000,0x00000000fc600000)
 ParOldGen       total 119808K, used 68226K [0x00000000a0000000, 0x00000000a7500000, 0x00000000e0000000)
  object space 119808K, 56% used [0x00000000a0000000,0x00000000a42a0888,0x00000000a7500000)
 Metaspace       used 93891K, capacity 98452K, committed 98600K, reserved 1134592K
  class space    used 12246K, capacity 13258K, committed 13352K, reserved 1048576K
}
Event: 380.621 GC heap before
{Heap before GC invocations=21 (full 4):
 PSYoungGen      total 355328K, used 20720K [0x00000000e0000000, 0x00000000fc600000, 0x0000000100000000)
  eden space 324096K, 0% used [0x00000000e0000000,0x00000000e0000000,0x00000000f3c80000)
  from space 31232K, 66% used [0x00000000f3c80000,0x00000000f50bc248,0x00000000f5b00000)
  to   space 32256K, 0% used [0x00000000fa680000,0x00000000fa680000,0x00000000fc600000)
 ParOldGen       total 119808K, used 68226K [0x00000000a0000000, 0x00000000a7500000, 0x00000000e0000000)
  object space 119808K, 56% used [0x00000000a0000000,0x00000000a42a0888,0x00000000a7500000)
 Metaspace       used 93891K, capacity 98452K, committed 98600K, reserved 1134592K
  class space    used 12246K, capacity 13258K, committed 13352K, reserved 1048576K
Event: 381.114 GC heap after
Heap after GC invocations=21 (full 4):
 PSYoungGen      total 355328K, used 0K [0x00000000e0000000, 0x00000000fc600000, 0x0000000100000000)
  eden space 324096K, 0% used [0x00000000e0000000,0x00000000e0000000,0x00000000f3c80000)
  from space 31232K, 0% used [0x00000000f3c80000,0x00000000f3c80000,0x00000000f5b00000)
  to   space 32256K, 0% used [0x00000000fa680000,0x00000000fa680000,0x00000000fc600000)
 ParOldGen       total 177664K, used 75687K [0x00000000a0000000, 0x00000000aad80000, 0x00000000e0000000)
  object space 177664K, 42% used [0x00000000a0000000,0x00000000a49e9ed8,0x00000000aad80000)
 Metaspace       used 93739K, capacity 98104K, committed 98600K, reserved 1134592K
  class space    used 12198K, capacity 13192K, committed 13352K, reserved 1048576K
}
Event: 400.923 GC heap before
{Heap before GC invocations=22 (full 4):
 PSYoungGen      total 355328K, used 324096K [0x00000000e0000000, 0x00000000fc600000, 0x0000000100000000)
  eden space 324096K, 100% used [0x00000000e0000000,0x00000000f3c80000,0x00000000f3c80000)
  from space 31232K, 0% used [0x00000000f3c80000,0x00000000f3c80000,0x00000000f5b00000)
  to   space 32256K, 0% used [0x00000000fa680000,0x00000000fa680000,0x00000000fc600000)
 ParOldGen       total 177664K, used 75687K [0x00000000a0000000, 0x00000000aad80000, 0x00000000e0000000)
  object space 177664K, 42% used [0x00000000a0000000,0x00000000a49e9ed8,0x00000000aad80000)
 Metaspace       used 103998K, capacity 109250K, committed 109480K, reserved 1144832K
  class space    used 13792K, capacity 14991K, committed 15016K, reserved 1048576K
Event: 400.983 GC heap after
Heap after GC invocations=22 (full 4):
 PSYoungGen      total 429056K, used 28549K [0x00000000e0000000, 0x00000000fcd00000, 0x0000000100000000)
  eden space 396800K, 0% used [0x00000000e0000000,0x00000000e0000000,0x00000000f8380000)
  from space 32256K, 88% used [0x00000000fa680000,0x00000000fc261688,0x00000000fc600000)
  to   space 35840K, 0% used [0x00000000f8380000,0x00000000f8380000,0x00000000fa680000)
 ParOldGen       total 177664K, used 75695K [0x00000000a0000000, 0x00000000aad80000, 0x00000000e0000000)
  object space 177664K, 42% used [0x00000000a0000000,0x00000000a49ebed8,0x00000000aad80000)
 Metaspace       used 103998K, capacity 109250K, committed 109480K, reserved 1144832K
  class space    used 13792K, capacity 14991K, committed 15016K, reserved 1048576K
}
Event: 417.734 GC heap before
{Heap before GC invocations=23 (full 4):
 PSYoungGen      total 429056K, used 425349K [0x00000000e0000000, 0x00000000fcd00000, 0x0000000100000000)
  eden space 396800K, 100% used [0x00000000e0000000,0x00000000f8380000,0x00000000f8380000)
  from space 32256K, 88% used [0x00000000fa680000,0x00000000fc261688,0x00000000fc600000)
  to   space 35840K, 0% used [0x00000000f8380000,0x00000000f8380000,0x00000000fa680000)
 ParOldGen       total 177664K, used 75695K [0x00000000a0000000, 0x00000000aad80000, 0x00000000e0000000)
  object space 177664K, 42% used [0x00000000a0000000,0x00000000a49ebed8,0x00000000aad80000)
 Metaspace       used 104274K, capacity 109638K, committed 109736K, reserved 1144832K
  class space    used 13798K, capacity 15001K, committed 15016K, reserved 1048576K
Event: 417.784 GC heap after
Heap after GC invocations=23 (full 4):
 PSYoungGen      total 432640K, used 3608K [0x00000000e0000000, 0x0000000100000000, 0x0000000100000000)
  eden space 396800K, 0% used [0x00000000e0000000,0x00000000e0000000,0x00000000f8380000)
  from space 35840K, 10% used [0x00000000f8380000,0x00000000f8706038,0x00000000fa680000)
  to   space 35840K, 0% used [0x00000000fdd00000,0x00000000fdd00000,0x0000000100000000)
 ParOldGen       total 177664K, used 94352K [0x00000000a0000000, 0x00000000aad80000, 0x00000000e0000000)
  object space 177664K, 53% used [0x00000000a0000000,0x00000000a5c243f0,0x00000000aad80000)
 Metaspace       used 104274K, capacity 109638K, committed 109736K, reserved 1144832K
  class space    used 13798K, capacity 15001K, committed 15016K, reserved 1048576K
}
Event: 438.333 GC heap before
{Heap before GC invocations=24 (full 4):
 PSYoungGen      total 432640K, used 400408K [0x00000000e0000000, 0x0000000100000000, 0x0000000100000000)
  eden space 396800K, 100% used [0x00000000e0000000,0x00000000f8380000,0x00000000f8380000)
  from space 35840K, 10% used [0x00000000f8380000,0x00000000f8706038,0x00000000fa680000)
  to   space 35840K, 0% used [0x00000000fdd00000,0x00000000fdd00000,0x0000000100000000)
 ParOldGen       total 177664K, used 94352K [0x00000000a0000000, 0x00000000aad80000, 0x00000000e0000000)
  object space 177664K, 53% used [0x00000000a0000000,0x00000000a5c243f0,0x00000000aad80000)
 Metaspace       used 105197K, capacity 110538K, committed 110632K, reserved 1144832K
  class space    used 13872K, capacity 15087K, committed 15144K, reserved 1048576K
Event: 438.378 GC heap after
Heap after GC invocations=24 (full 4):
 PSYoungGen      total 484352K, used 13821K [0x00000000e0000000, 0x00000000ffc00000, 0x0000000100000000)
  eden space 452608K, 0% used [0x00000000e0000000,0x00000000e0000000,0x00000000fba00000)
  from space 31744K, 43% used [0x00000000fdd00000,0x00000000fea7f440,0x00000000ffc00000)
  to   space 33792K, 0% used [0x00000000fba00000,0x00000000fba00000,0x00000000fdb00000)
 ParOldGen       total 177664K, used 95984K [0x00000000a0000000, 0x00000000aad80000, 0x00000000e0000000)
  object space 177664K, 54% used [0x00000000a0000000,0x00000000a5dbc178,0x00000000aad80000)
 Metaspace       used 105197K, capacity 110538K, committed 110632K, reserved 1144832K
  class space    used 13872K, capacity 15087K, committed 15144K, reserved 1048576K
}

